<?xml version="1.0" encoding="UTF-8"?>
<testsuite name="twyla.AddCommentsPageTest" tests="5" skipped="0" failures="0" errors="0" timestamp="2018-03-19T02:28:53" hostname="NAIN2704LP17638" time="29.526">
  <properties/>
  <testcase name="testSelectRating" classname="twyla.AddCommentsPageTest" time="7.884"/>
  <testcase name="testHeaders" classname="twyla.AddCommentsPageTest" time="4.829"/>
  <testcase name="testTextAreaComment" classname="twyla.AddCommentsPageTest" time="4.878"/>
  <testcase name="testLabels" classname="twyla.AddCommentsPageTest" time="4.8"/>
  <testcase name="testAddComment" classname="twyla.AddCommentsPageTest" time="7.134"/>
  <system-out><![CDATA[]]></system-out>
  <system-err><![CDATA[Starting ChromeDriver 2.36.540470 (e522d04694c7ebea4ba8821272dbef4f9b818c91) on port 24383
Only local connections are allowed.
Mar 18, 2018 10:28:53 PM org.openqa.selenium.remote.ProtocolHandshake createSession
INFO: Detected dialect: OSS
]]></system-err>
</testsuite>
